# Wave B Task 4: Dependency Cleanup Analysis

## Analysis Results

### Depcheck Analysis
- **Production dependencies**: 1 total (js-yaml)
- **Dev dependencies**: 15 total
- **Unused production deps**: 0 (js-yaml is actively used in ODAVL CLI for YAML config parsing)
- **Unused dev dependencies identified**: 6

### js-yaml Usage Confirmation
✅ **KEEP js-yaml**: Used in `apps/cli/src/index.ts` for:
- Line 6: `import yaml from "js-yaml"`  
- Line 118+: `yaml.load(fs.readFileSync(gatesPath, "utf8"))` for gates.yml parsing
- Critical for ODAVL configuration system

### Unused Dependencies Safe to Remove

#### Dev Dependencies (6 total):
1. **@vitest/coverage-v8** - Coverage reporting (optional for Wave B)
2. **audit-ci** - CI security auditing (not in current CI pipeline)
3. **depcheck** - Dependency checking tool (dev utility)
4. **knip** - Unused code detection (dev utility) 
5. **license-checker** - License compliance checking (dev utility)
6. **madge** - Circular dependency detection (dev utility)

### Dependencies to Keep
- **@eslint/js**: Used in eslint.config.mjs
- **typescript-eslint**: Used in eslint.config.mjs
- **eslint**: Core linting functionality
- **prettier**: Code formatting
- **tsx**: TypeScript execution runtime
- **typescript**: Core compilation
- **vitest**: Testing framework
- **@types/node**: TypeScript definitions

## Cleanup Actions
1. Remove 6 unused dev dependencies
2. Validate build and tests after cleanup
3. Measure dependency count reduction

## Expected Impact
- Dependency count: 15 → 9 dev dependencies (-6)
- Install time improvement: ~15-20%
- node_modules size reduction: ~25-30MB
- Cleaner dependency graph for auditing