
    Directory: C:\Users\sabou\dev\odavl\.odavl\attestation

Mode                 LastWriteTime L
                                   e
                                   n
                                   g
                                   t
                                   h
----                 ------------- -
-a---          05.10.2025    18:06 5
                                   1
                                   1
-a---          05.10.2025    18:20 5
                                   1
                                   1
-a---          05.10.2025    18:22 5
                                   1
                                   1
-a---          05.10.2025    18:33 5
                                   1
                                   1
-a---          09.10.2025    23:59 9
                                   7
                                   7
-a---          10.10.2025    00:20 9
                                   7
                                   7
-a---          10.10.2025    00:51 9
                                   7
                                   7
-a---          10.10.2025    01:44 9
                                   7
                                   7
-a---          10.10.2025    01:49 9
                                   7
                                   7
-a---          11.10.2025    15:38 9
                                   7
                                   7
-a---          11.10.2025    16:48 9
                                   7
                                   7
-a---          11.10.2025    17:04 9
                                   7
                                   7
-a---          11.10.2025    17:15 9
                                   7
                                   7
-a---          11.10.2025    17:26 9
                                   7
                                   7
-a---          11.10.2025    23:54 9
                                   7
                                   7
-a---          11.10.2025    23:55 9
                                   7
                                   7
-a---          12.10.2025    01:36 9
                                   7
                                   7
-a---          12.10.2025    03:03 9
                                   7
                                   7
-a---          12.10.2025    15:11 9
                                   7
                                   7
-a---          12.10.2025    15:43 9
                                   7
                                   7
-a---          12.10.2025    16:06 9
                                   7
                                   7
-a---          13.10.2025    00:06 9
                                   7
                                   7
-a---          13.10.2025    17:26 9
                                   7
                                   8
-a---          13.10.2025    17:57 9
                                   7
                                   7
-a---          13.10.2025    18:46 9
                                   7
                                   7
-a---          13.10.2025    18:47 9
                                   7
                                   7
-a---          13.10.2025    18:48 9
                                   7
                                   7
-a---          13.10.2025    19:20 9
                                   7
                                   7
-a---          13.10.2025    19:21 9
                                   7
                                   7
-a---          13.10.2025    19:28 9
                                   7
                                   7
-a---          14.10.2025    16:07 9
                                   7
                                   7
-a---          14.10.2025    19:57 9
                                   7
                                   7
-a---          14.10.2025    20:07 9
                                   7
                                   7
-a---          14.10.2025    20:09 9
                                   7
                                   7
-a---          14.10.2025    20:11 9
                                   7
                                   7
-a---          14.10.2025    20:13 9
                                   7
                                   7
-a---          14.10.2025    20:21 9
                                   7
                                   7
-a---          14.10.2025    20:22 9
                                   7
                                   7
-a---          17.10.2025    13:46 2
                                   2
                                   9
-a---          14.10.2025    20:22 9
                                   7
                                   7

    Directory: C:\Users\sabou\dev\odavl\.odavl\undo

Mode                 LastWriteTime L
                                   e
                                   n
                                   g
                                   t
                                   h
----                 ------------- -
-a---          17.10.2025    13:46 2
                                   1
                                   8
-a---          16.10.2025    00:02 9
                                   1
                                   6
                                   9
-a---          11.10.2025    15:36 2
                                   4
                                   5
                                   4
                                   9
-a---          11.10.2025    15:37 2
                                   4
                                   5
                                   4
                                   9
-a---          11.10.2025    16:47 2
                                   4
                                   5
                                   4
                                   9
-a---          11.10.2025    17:03 2
                                   4
                                   5
                                   4
                                   9
-a---          11.10.2025    17:14 2
                                   4
                                   5
                                   4
                                   9
-a---          11.10.2025    17:25 2
                                   4
                                   5
                                   4
                                   9
-a---          11.10.2025    17:42 2
                                   4
                                   5
                                   4
                                   9
-a---          11.10.2025    23:53 2
                                   4
                                   4
                                   8
                                   6
-a---          11.10.2025    23:54 2
                                   4
                                   4
                                   8
                                   6
-a---          12.10.2025    01:36 2
                                   4
                                   7
                                   3
                                   1
-a---          12.10.2025    03:02 9
                                   8
                                   7
                                   9
-a---          12.10.2025    03:21 1
                                   0
                                   0
                                   0
                                   7
-a---          12.10.2025    15:10 1
                                   0
                                   0
                                   9
                                   3
-a---          12.10.2025    15:41 1
                                   0
                                   0
                                   9
                                   3
-a---          12.10.2025    16:05 1
                                   0
                                   0
                                   9
                                   3
-a---          13.10.2025    00:06 1
                                   0
                                   0
                                   9
                                   3
-a---          13.10.2025    17:13 1
                                   0
                                   0
                                   9
                                   3
-a---          13.10.2025    17:23 1
                                   0
                                   0
                                   9
                                   3
-a---          13.10.2025    17:25 1
                                   0
                                   0
                                   9
                                   3
-a---          13.10.2025    17:56 1
                                   0
                                   0
                                   9
                                   3
-a---          13.10.2025    18:45 1
                                   1
                                   8
                                   2
                                   8
-a---          13.10.2025    18:46 1
                                   1
                                   8
                                   2
                                   8
-a---          13.10.2025    18:47 1
                                   1
                                   8
                                   2
                                   8
-a---          13.10.2025    19:19 1
                                   1
                                   8
                                   5
                                   6
-a---          13.10.2025    19:20 1
                                   1
                                   8
                                   5
                                   6
-a---          13.10.2025    19:27 1
                                   1
                                   8
                                   5
                                   6
-a---          13.10.2025    21:51 1
                                   1
                                   8
                                   5
                                   6
-a---          13.10.2025    23:02 2
                                   1
                                   2
                                   1
                                   9
-a---          13.10.2025    23:10 2
                                   1
                                   2
                                   1
                                   9
-a---          14.10.2025    00:00 2
                                   0
                                   5
                                   3
                                   3
-a---          14.10.2025    15:57 2
                                   0
                                   6
                                   0
                                   2
-a---          14.10.2025    16:05 2
                                   0
                                   6
                                   5
                                   9
-a---          14.10.2025    16:28 2
                                   0
                                   6
                                   5
                                   9
-a---          14.10.2025    19:51 2
                                   0
                                   6
                                   5
                                   9
-a---          14.10.2025    19:57 2
                                   0
                                   6
                                   5
                                   9
-a---          14.10.2025    20:06 2
                                   0
                                   6
                                   5
                                   9
-a---          14.10.2025    20:08 2
                                   0
                                   6
                                   5
                                   9
-a---          14.10.2025    20:10 2
                                   0
                                   6
                                   5
                                   9
-a---          14.10.2025    20:12 2
                                   0
                                   6
                                   5
                                   9
-a---          14.10.2025    20:20 2
                                   0
                                   6
                                   5
                                   9
-a---          14.10.2025    20:21 2
                                   0
                                   6
                                   5
                                   9
-a---          16.10.2025    00:02 9
                                   1
                                   6
                                   9

