
    Directory: C:\Users\sabou\dev\odavl\.odavl

Mode                 LastWriteTime L
                                   e
                                   n
                                   g
                                   t
                                   h
----                 ------------- -
-a---          16.10.2025    15:48 6
                                   6
                                   6
-a---          05.10.2025    17:36 1
                                   5
                                   5

    Directory: C:\Users\sabou\dev\odavl\tools

Mode                 LastWriteTime L
                                   e
                                   n
                                   g
                                   t
                                   h
----                 ------------- -
-a---          12.10.2025    03:06 2
                                   5
                                   5
                                   0

