Executing prepublish script 'npm run vscode:prepublish'...

> odavl@0.1.1 vscode:prepublish
> npm run build


> odavl@0.1.1 build
> tsc -p ./

 WARNING  Neither a .vscodeignore file nor a "files" property in package.json was found. To ensure only necessary files are included in your extension, add a .vscodeignore file or specify the "files" property in package.json. More info: https://aka.ms/vscode-vscodeignore

 INFO  Files included in the VSIX:
odavl-0.1.1.vsix
 [Content_Types].xml 
 extension.vsixmanifest 
 extension/
    LICENSE.txt [1.06 KB]
    build.log [0.15 KB]
    changelog.md [0.06 KB]
    package.json [0.84 KB]
    readme.md [0.8 KB]
    tsconfig.json [0.27 KB]
    assets/
      icon.png [1.53 MB]
    dist/
      extension.js [6.86 KB]
      extension.js.map [2.76 KB]
    out/
      extension.js [6.86 KB]
      extension.js.map [2.76 KB]
    reports/
      publish-check-20251006-153719/
         git.log 
         node.log 
         npm.log 
         steps.log 
    src/
       extension.ts [6.44 KB]

The file extension/assets/icon.png is large (1.53 MB)

 DONE  Packaged: C:\Users\sabou\dev\odavl\apps\vscode-ext\odavl-0.1.1.vsix (18 files, 1.52 MB)
